main: Using 8 threads
[31mmica: Initializing MICA instance 0.
NUMA node = 0, buckets = 2097152 (size = 134217728 B), log capacity = 1073741824 B.
[0mmica: Allocting hash table index for instance 0
[31mmica: Initializing MICA instance 1.
NUMA node = 0, buckets = 2097152 (size = 134217728 B), log capacity = 1073741824 B.
[0mmica: Allocting hash table index for instance 1
[31mmica: Initializing MICA instance 2.
NUMA node = 0, buckets = 2097152 (size = 134217728 B), log capacity = 1073741824 B.
[0mmica: Allocting hash table index for instance 2
[31mmica: Initializing MICA instance 3.
NUMA node = 0, buckets = 2097152 (size = 134217728 B), log capacity = 1073741824 B.
[0mmica: Allocting hash table index for instance 3
[31mmica: Initializing MICA instance 4.
NUMA node = 0, buckets = 2097152 (size = 134217728 B), log capacity = 1073741824 B.
[0mmica: Allocting hash table index for instance 4
[31mmica: Initializing MICA instance 5.
NUMA node = 0, buckets = 2097152 (size = 134217728 B), log capacity = 1073741824 B.
[0mmica: Allocting hash table index for instance 5
[31mmica: Initializing MICA instance 6.
NUMA node = 0, buckets = 2097152 (size = 134217728 B), log capacity = 1073741824 B.
[0mmica: Allocting hash table index for instance 6
[31mmica: Initializing MICA instance 7.
NUMA node = 0, buckets = 2097152 (size = 134217728 B), log capacity = 1073741824 B.
[0mmica: Allocting hash table index for instance 7
mica: Allocting hash table log for instance 4
mica: Generating 8388608 keys
mica: Allocting hash table log for instance 5
mica: Generating 8388608 keys
mica: Allocting hash table log for instance 6
mica: Generating 8388608 keys
mica: Allocting hash table log for instance 0
mica: Generating 8388608 keys
mica: Allocting hash table log for instance 7
mica: Generating 8388608 keys
mica: Allocting hash table log for instance 2
mica: Allocting hash table log for instance 3
mica: Generating 8388608 keys
mica: Generating 8388608 keys
mica: Allocting hash table log for instance 1
mica: Generating 8388608 keys
mica: Populated instance 5 with 8388608 keys, length = 32. Index eviction fraction = 0.0084.
[31mHRD: creating control block 5: port 0, socket -1, conn qps 0, UC 0, conn buf 0 bytes (key -1), dgram qps 1, dgram buf 4096 bytes (key -1)
[0mmica: Populated instance 6 with 8388608 keys, length = 32. Index eviction fraction = 0.0084.
[31mHRD: creating control block 6: port 0, socket -1, conn qps 0, UC 0, conn buf 0 bytes (key -1), dgram qps 1, dgram buf 4096 bytes (key -1)
[0mHRD: Ignoring port 1 of device 0. State is down
HRD: port index 0 resolved to device 1, port 1
mica: Populated instance 4 with 8388608 keys, length = 32. Index eviction fraction = 0.0084.
[31mHRD: creating control block 4: port 0, socket -1, conn qps 0, UC 0, conn buf 0 bytes (key -1), dgram qps 1, dgram buf 4096 bytes (key -1)
[0mHRD: Ignoring port 1 of device 0. State is down
HRD: port index 0 resolved to device 1, port 1
HRD: Ignoring port 1 of device 0. State is down
mica: Populated instance 7 with 8388608 keys, length = 32. Index eviction fraction = 0.0084.
[31mHRD: creating control block 7: port 0, socket -1, conn qps 0, UC 0, conn buf 0 bytes (key -1), dgram qps 1, dgram buf 4096 bytes (key -1)
[0mHRD: port index 0 resolved to device 1, port 1
HRD: Ignoring port 1 of device 0. State is down
mica: Populated instance 0 with 8388608 keys, length = 32. Index eviction fraction = 0.0084.
[31mHRD: creating control block 0: port 0, socket -1, conn qps 0, UC 0, conn buf 0 bytes (key -1), dgram qps 1, dgram buf 4096 bytes (key -1)
[0mHRD: port index 0 resolved to device 1, port 1
mica: Populated instance 1 with 8388608 keys, length = 32. Index eviction fraction = 0.0084.
[31mHRD: creating control block 1: port 0, socket -1, conn qps 0, UC 0, conn buf 0 bytes (key -1), dgram qps 1, dgram buf 4096 bytes (key -1)
[0mHRD: Ignoring port 1 of device 0. State is down
HRD: Ignoring port 1 of device 0. State is down
HRD: port index 0 resolved to device 1, port 1
HRD: port index 0 resolved to device 1, port 1
mica: Populated instance 3 with 8388608 keys, length = 32. Index eviction fraction = 0.0084.
[31mHRD: creating control block 3: port 0, socket -1, conn qps 0, UC 0, conn buf 0 bytes (key -1), dgram qps 1, dgram buf 4096 bytes (key -1)
[0mmica: Populated instance 2 with 8388608 keys, length = 32. Index eviction fraction = 0.0084.
[31mHRD: creating control block 2: port 0, socket -1, conn qps 0, UC 0, conn buf 0 bytes (key -1), dgram qps 1, dgram buf 4096 bytes (key -1)
[0mHRD: Ignoring port 1 of device 0. State is down
HRD: Ignoring port 1 of device 0. State is down
HRD: port index 0 resolved to device 1, port 1
HRD: port index 0 resolved to device 1, port 1
main: Worker 6 found client 0 of 16 clients. Client LID: 6
main: Worker 6 found client 1 of 16 clients. Client LID: 6
main: Worker 6 found client 2 of 16 clients. Client LID: 6
main: Worker 6 found client 3 of 16 clients. Client LID: 6
main: Worker 6 found client 4 of 16 clients. Client LID: 6
main: Worker 6 found client 5 of 16 clients. Client LID: 6
main: Worker 6 found client 6 of 16 clients. Client LID: 6
main: Worker 6 found client 7 of 16 clients. Client LID: 6
main: Worker 6 found client 8 of 16 clients. Client LID: 6
main: Worker 6 found client 9 of 16 clients. Client LID: 6
main: Worker 6 found client 10 of 16 clients. Client LID: 6
main: Worker 6 found client 11 of 16 clients. Client LID: 6
main: Worker 6 found client 12 of 16 clients. Client LID: 6
main: Worker 6 found client 13 of 16 clients. Client LID: 6
main: Worker 6 found client 14 of 16 clients. Client LID: 6
main: Worker 6 found client 15 of 16 clients. Client LID: 6
main: Worker 4 found client 0 of 16 clients. Client LID: 6
main: Worker 4 found client 1 of 16 clients. Client LID: 6
main: Worker 4 found client 2 of 16 clients. Client LID: 6
main: Worker 4 found client 3 of 16 clients. Client LID: 6
main: Worker 4 found client 4 of 16 clients. Client LID: 6
main: Worker 4 found client 5 of 16 clients. Client LID: 6
main: Worker 4 found client 6 of 16 clients. Client LID: 6
main: Worker 4 found client 7 of 16 clients. Client LID: 6
main: Worker 4 found client 8 of 16 clients. Client LID: 6
main: Worker 4 found client 9 of 16 clients. Client LID: 6
main: Worker 4 found client 10 of 16 clients. Client LID: 6
main: Worker 4 found client 11 of 16 clients. Client LID: 6
main: Worker 4 found client 12 of 16 clients. Client LID: 6
main: Worker 4 found client 13 of 16 clients. Client LID: 6
main: Worker 4 found client 14 of 16 clients. Client LID: 6
main: Worker 4 found client 15 of 16 clients. Client LID: 6
main: Worker 5 found client 0 of 16 clients. Client LID: 6
main: Worker 5 found client 1 of 16 clients. Client LID: 6
main: Worker 5 found client 2 of 16 clients. Client LID: 6
main: Worker 5 found client 3 of 16 clients. Client LID: 6
main: Worker 5 found client 4 of 16 clients. Client LID: 6
main: Worker 5 found client 5 of 16 clients. Client LID: 6
main: Worker 5 found client 6 of 16 clients. Client LID: 6
main: Worker 5 found client 7 of 16 clients. Client LID: 6
main: Worker 5 found client 8 of 16 clients. Client LID: 6
main: Worker 5 found client 9 of 16 clients. Client LID: 6
main: Worker 5 found client 10 of 16 clients. Client LID: 6
main: Worker 5 found client 11 of 16 clients. Client LID: 6
main: Worker 5 found client 12 of 16 clients. Client LID: 6
main: Worker 5 found client 13 of 16 clients. Client LID: 6
main: Worker 5 found client 14 of 16 clients. Client LID: 6
main: Worker 5 found client 15 of 16 clients. Client LID: 6
main: Worker 7 found client 0 of 16 clients. Client LID: 6
main: Worker 7 found client 1 of 16 clients. Client LID: 6
main: Worker 7 found client 2 of 16 clients. Client LID: 6
main: Worker 7 found client 3 of 16 clients. Client LID: 6
main: Worker 7 found client 4 of 16 clients. Client LID: 6
main: Worker 7 found client 5 of 16 clients. Client LID: 6
main: Worker 7 found client 6 of 16 clients. Client LID: 6
main: Worker 7 found client 7 of 16 clients. Client LID: 6
main: Worker 7 found client 8 of 16 clients. Client LID: 6
main: Worker 7 found client 9 of 16 clients. Client LID: 6
main: Worker 7 found client 10 of 16 clients. Client LID: 6
main: Worker 7 found client 11 of 16 clients. Client LID: 6
main: Worker 7 found client 12 of 16 clients. Client LID: 6
main: Worker 7 found client 13 of 16 clients. Client LID: 6
main: Worker 7 found client 14 of 16 clients. Client LID: 6
main: Worker 7 found client 15 of 16 clients. Client LID: 6
main: Worker 0 found client 0 of 16 clients. Client LID: 6
main: Worker 0 found client 1 of 16 clients. Client LID: 6
main: Worker 0 found client 2 of 16 clients. Client LID: 6
main: Worker 0 found client 3 of 16 clients. Client LID: 6
main: Worker 0 found client 4 of 16 clients. Client LID: 6
main: Worker 0 found client 5 of 16 clients. Client LID: 6
main: Worker 0 found client 6 of 16 clients. Client LID: 6
main: Worker 0 found client 7 of 16 clients. Client LID: 6
main: Worker 0 found client 8 of 16 clients. Client LID: 6
main: Worker 0 found client 9 of 16 clients. Client LID: 6
main: Worker 0 found client 10 of 16 clients. Client LID: 6
main: Worker 0 found client 11 of 16 clients. Client LID: 6
main: Worker 0 found client 12 of 16 clients. Client LID: 6
main: Worker 0 found client 13 of 16 clients. Client LID: 6
main: Worker 0 found client 14 of 16 clients. Client LID: 6
main: Worker 0 found client 15 of 16 clients. Client LID: 6
main: Worker 1 found client 0 of 16 clients. Client LID: 6
main: Worker 1 found client 1 of 16 clients. Client LID: 6
main: Worker 1 found client 2 of 16 clients. Client LID: 6
main: Worker 1 found client 3 of 16 clients. Client LID: 6
main: Worker 1 found client 4 of 16 clients. Client LID: 6
main: Worker 1 found client 5 of 16 clients. Client LID: 6
main: Worker 1 found client 6 of 16 clients. Client LID: 6
main: Worker 1 found client 7 of 16 clients. Client LID: 6
main: Worker 1 found client 8 of 16 clients. Client LID: 6
main: Worker 1 found client 9 of 16 clients. Client LID: 6
main: Worker 1 found client 10 of 16 clients. Client LID: 6
main: Worker 1 found client 11 of 16 clients. Client LID: 6
main: Worker 1 found client 12 of 16 clients. Client LID: 6
main: Worker 1 found client 13 of 16 clients. Client LID: 6
main: Worker 1 found client 14 of 16 clients. Client LID: 6
main: Worker 1 found client 15 of 16 clients. Client LID: 6
main: Worker 3 found client 0 of 16 clients. Client LID: 6
main: Worker 3 found client 1 of 16 clients. Client LID: 6
main: Worker 3 found client 2 of 16 clients. Client LID: 6
main: Worker 3 found client 3 of 16 clients. Client LID: 6
main: Worker 3 found client 4 of 16 clients. Client LID: 6
main: Worker 3 found client 5 of 16 clients. Client LID: 6
main: Worker 3 found client 6 of 16 clients. Client LID: 6
main: Worker 3 found client 7 of 16 clients. Client LID: 6
main: Worker 3 found client 8 of 16 clients. Client LID: 6
main: Worker 3 found client 9 of 16 clients. Client LID: 6
main: Worker 3 found client 10 of 16 clients. Client LID: 6
main: Worker 3 found client 11 of 16 clients. Client LID: 6
main: Worker 2 found client 0 of 16 clients. Client LID: 6
main: Worker 3 found client 12 of 16 clients. Client LID: 6
main: Worker 2 found client 1 of 16 clients. Client LID: 6
main: Worker 3 found client 13 of 16 clients. Client LID: 6
main: Worker 2 found client 2 of 16 clients. Client LID: 6
main: Worker 3 found client 14 of 16 clients. Client LID: 6
main: Worker 2 found client 3 of 16 clients. Client LID: 6
main: Worker 3 found client 15 of 16 clients. Client LID: 6
main: Worker 2 found client 4 of 16 clients. Client LID: 6
main: Worker 2 found client 5 of 16 clients. Client LID: 6
main: Worker 2 found client 6 of 16 clients. Client LID: 6
main: Worker 2 found client 7 of 16 clients. Client LID: 6
main: Worker 2 found client 8 of 16 clients. Client LID: 6
main: Worker 2 found client 9 of 16 clients. Client LID: 6
main: Worker 2 found client 10 of 16 clients. Client LID: 6
main: Worker 2 found client 11 of 16 clients. Client LID: 6
main: Worker 2 found client 12 of 16 clients. Client LID: 6
main: Worker 2 found client 13 of 16 clients. Client LID: 6
main: Worker 2 found client 14 of 16 clients. Client LID: 6
main: Worker 2 found client 15 of 16 clients. Client LID: 6
main: Worker 4: 2962627.71 IOPS. Avg per-port postlist = 4.64. HERD lookup fail rate = 0.0086
main: Worker 7: 2984848.33 IOPS. Avg per-port postlist = 4.60. HERD lookup fail rate = 0.0084
main: Worker 0: 2993493.35 IOPS. Avg per-port postlist = 4.60. HERD lookup fail rate = 0.0086
main: Worker 1: 2999440.85 IOPS. Avg per-port postlist = 4.63. HERD lookup fail rate = 0.0086
main: Worker 5: 2972778.08 IOPS. Avg per-port postlist = 4.62. HERD lookup fail rate = 0.0085
main: Worker 2: 3016395.49 IOPS. Avg per-port postlist = 4.64. HERD lookup fail rate = 0.0085
main: Worker 6: 2946795.62 IOPS. Avg per-port postlist = 4.63. HERD lookup fail rate = 0.0085
main: Worker 3: 3015490.52 IOPS. Avg per-port postlist = 4.62. HERD lookup fail rate = 0.0085
main: Worker 3: 4189107.45 IOPS. Avg per-port postlist = 5.25. HERD lookup fail rate = 0.0085
main: Worker 7: 4185451.68 IOPS. Avg per-port postlist = 5.23. HERD lookup fail rate = 0.0085
main: Worker 0: 4185977.21 IOPS. Avg per-port postlist = 5.24. HERD lookup fail rate = 0.0086
main: Worker 1: 4186128.15 IOPS. Avg per-port postlist = 5.27. HERD lookup fail rate = 0.0086
main: Worker 4: 4183141.45 IOPS. Avg per-port postlist = 5.29. HERD lookup fail rate = 0.0085
main: Worker 5: 4183725.24 IOPS. Avg per-port postlist = 5.26. HERD lookup fail rate = 0.0085
main: Worker 2: 4180916.20 IOPS. Avg per-port postlist = 5.28. HERD lookup fail rate = 0.0085
main: Worker 6: 4181122.51 IOPS. Avg per-port postlist = 5.26. HERD lookup fail rate = 0.0085
main: Worker 7: 4179336.12 IOPS. Avg per-port postlist = 5.24. HERD lookup fail rate = 0.0085
main: Worker 0: 4179426.91 IOPS. Avg per-port postlist = 5.24. HERD lookup fail rate = 0.0085
main: Worker 3: 4178289.86 IOPS. Avg per-port postlist = 5.26. HERD lookup fail rate = 0.0085
main: Worker 1: 4177424.74 IOPS. Avg per-port postlist = 5.28. HERD lookup fail rate = 0.0085
main: Worker 4: 4178168.54 IOPS. Avg per-port postlist = 5.29. HERD lookup fail rate = 0.0085
main: Worker 5: 4178145.27 IOPS. Avg per-port postlist = 5.28. HERD lookup fail rate = 0.0085
main: Worker 6: 4179754.27 IOPS. Avg per-port postlist = 5.27. HERD lookup fail rate = 0.0085
main: Worker 2: 4177652.75 IOPS. Avg per-port postlist = 5.29. HERD lookup fail rate = 0.0085
main: Worker 0: 4183187.05 IOPS. Avg per-port postlist = 5.24. HERD lookup fail rate = 0.0085
main: Worker 3: 4182697.67 IOPS. Avg per-port postlist = 5.25. HERD lookup fail rate = 0.0085
main: Worker 7: 4182390.62 IOPS. Avg per-port postlist = 5.23. HERD lookup fail rate = 0.0085
main: Worker 1: 4182368.89 IOPS. Avg per-port postlist = 5.28. HERD lookup fail rate = 0.0085
main: Worker 4: 4182808.96 IOPS. Avg per-port postlist = 5.29. HERD lookup fail rate = 0.0085
main: Worker 6: 4183447.66 IOPS. Avg per-port postlist = 5.27. HERD lookup fail rate = 0.0085
main: Worker 5: 4179455.10 IOPS. Avg per-port postlist = 5.27. HERD lookup fail rate = 0.0085
main: Worker 2: 4183057.18 IOPS. Avg per-port postlist = 5.29. HERD lookup fail rate = 0.0085
main: Worker 7: 4186581.42 IOPS. Avg per-port postlist = 5.23. HERD lookup fail rate = 0.0085
main: Worker 1: 4187466.11 IOPS. Avg per-port postlist = 5.28. HERD lookup fail rate = 0.0085
main: Worker 0: 4183738.67 IOPS. Avg per-port postlist = 5.24. HERD lookup fail rate = 0.0085
main: Worker 4: 4185719.62 IOPS. Avg per-port postlist = 5.29. HERD lookup fail rate = 0.0085
main: Worker 3: 4182409.34 IOPS. Avg per-port postlist = 5.25. HERD lookup fail rate = 0.0085
main: Worker 6: 4183579.05 IOPS. Avg per-port postlist = 5.27. HERD lookup fail rate = 0.0085
main: Worker 5: 4184371.21 IOPS. Avg per-port postlist = 5.27. HERD lookup fail rate = 0.0085
main: Worker 2: 4184118.96 IOPS. Avg per-port postlist = 5.28. HERD lookup fail rate = 0.0085
main: Worker 7: 4180937.91 IOPS. Avg per-port postlist = 5.23. HERD lookup fail rate = 0.0085
main: Worker 3: 4185011.92 IOPS. Avg per-port postlist = 5.26. HERD lookup fail rate = 0.0085
main: Worker 1: 4181759.13 IOPS. Avg per-port postlist = 5.27. HERD lookup fail rate = 0.0085
main: Worker 0: 4181566.48 IOPS. Avg per-port postlist = 5.23. HERD lookup fail rate = 0.0085
main: Worker 4: 4180770.16 IOPS. Avg per-port postlist = 5.29. HERD lookup fail rate = 0.0085
main: Worker 5: 4183172.77 IOPS. Avg per-port postlist = 5.27. HERD lookup fail rate = 0.0085
main: Worker 6: 4179989.82 IOPS. Avg per-port postlist = 5.26. HERD lookup fail rate = 0.0085
main: Worker 2: 4178053.03 IOPS. Avg per-port postlist = 5.28. HERD lookup fail rate = 0.0085
main: Worker 3: 4187496.96 IOPS. Avg per-port postlist = 5.25. HERD lookup fail rate = 0.0085
main: Worker 0: 4188659.72 IOPS. Avg per-port postlist = 5.23. HERD lookup fail rate = 0.0085
main: Worker 7: 4186085.15 IOPS. Avg per-port postlist = 5.22. HERD lookup fail rate = 0.0085
main: Worker 1: 4184901.10 IOPS. Avg per-port postlist = 5.27. HERD lookup fail rate = 0.0085
main: Worker 4: 4186238.95 IOPS. Avg per-port postlist = 5.28. HERD lookup fail rate = 0.0085
main: Worker 6: 4188657.43 IOPS. Avg per-port postlist = 5.26. HERD lookup fail rate = 0.0085
main: Worker 5: 4185674.38 IOPS. Avg per-port postlist = 5.26. HERD lookup fail rate = 0.0085
main: Worker 2: 4185736.28 IOPS. Avg per-port postlist = 5.27. HERD lookup fail rate = 0.0085
main: Worker 7: 4185498.49 IOPS. Avg per-port postlist = 5.22. HERD lookup fail rate = 0.0085
main: Worker 3: 4182467.97 IOPS. Avg per-port postlist = 5.24. HERD lookup fail rate = 0.0085
main: Worker 0: 4181948.37 IOPS. Avg per-port postlist = 5.24. HERD lookup fail rate = 0.0085
main: Worker 1: 4181464.75 IOPS. Avg per-port postlist = 5.27. HERD lookup fail rate = 0.0085
main: Worker 4: 4182242.68 IOPS. Avg per-port postlist = 5.28. HERD lookup fail rate = 0.0085
main: Worker 6: 4183599.90 IOPS. Avg per-port postlist = 5.27. HERD lookup fail rate = 0.0085
main: Worker 5: 4182567.40 IOPS. Avg per-port postlist = 5.27. HERD lookup fail rate = 0.0085
main: Worker 2: 4180670.90 IOPS. Avg per-port postlist = 5.28. HERD lookup fail rate = 0.0085
